[2025-03-30T09:54:46.023+0000] {manager.py:487} INFO - Processing files using up to 2 processes at a time 
[2025-03-30T09:54:46.023+0000] {manager.py:488} INFO - Process each file at most once every 30 seconds
[2025-03-30T09:54:46.026+0000] {manager.py:489} INFO - Checking for new files in /opt/airflow/dags every 300 seconds
[2025-03-30T09:54:46.027+0000] {manager.py:755} INFO - Searching for files in /opt/airflow/dags
[2025-03-30T09:54:46.028+0000] {manager.py:758} INFO - There are 0 files in /opt/airflow/dags
[2025-03-30T09:59:46.798+0000] {manager.py:755} INFO - Searching for files in /opt/airflow/dags
[2025-03-30T09:59:46.798+0000] {manager.py:758} INFO - There are 0 files in /opt/airflow/dags
[2025-03-30T10:04:47.327+0000] {manager.py:755} INFO - Searching for files in /opt/airflow/dags
[2025-03-30T10:04:47.327+0000] {manager.py:758} INFO - There are 0 files in /opt/airflow/dags
[2025-03-30T10:09:47.561+0000] {manager.py:755} INFO - Searching for files in /opt/airflow/dags
[2025-03-30T10:09:47.562+0000] {manager.py:758} INFO - There are 0 files in /opt/airflow/dags
[2025-03-30T10:14:48.067+0000] {manager.py:755} INFO - Searching for files in /opt/airflow/dags
[2025-03-30T10:14:48.068+0000] {manager.py:758} INFO - There are 0 files in /opt/airflow/dags
[2025-03-30T10:19:48.344+0000] {manager.py:755} INFO - Searching for files in /opt/airflow/dags
[2025-03-30T10:19:48.346+0000] {manager.py:758} INFO - There are 0 files in /opt/airflow/dags
[2025-03-30T10:24:48.583+0000] {manager.py:755} INFO - Searching for files in /opt/airflow/dags
[2025-03-30T10:24:48.584+0000] {manager.py:758} INFO - There are 0 files in /opt/airflow/dags
[2025-03-30T10:29:49.334+0000] {manager.py:755} INFO - Searching for files in /opt/airflow/dags
[2025-03-30T10:29:49.335+0000] {manager.py:758} INFO - There are 0 files in /opt/airflow/dags
[2025-03-30T10:34:50.000+0000] {manager.py:755} INFO - Searching for files in /opt/airflow/dags
[2025-03-30T10:34:50.000+0000] {manager.py:758} INFO - There are 0 files in /opt/airflow/dags
[2025-03-30T10:39:50.173+0000] {manager.py:755} INFO - Searching for files in /opt/airflow/dags
[2025-03-30T10:39:50.175+0000] {manager.py:758} INFO - There are 0 files in /opt/airflow/dags
[2025-03-30T10:44:51.022+0000] {manager.py:755} INFO - Searching for files in /opt/airflow/dags
[2025-03-30T10:44:51.023+0000] {manager.py:758} INFO - There are 0 files in /opt/airflow/dags
[2025-03-30T10:49:51.686+0000] {manager.py:755} INFO - Searching for files in /opt/airflow/dags
[2025-03-30T10:49:51.687+0000] {manager.py:758} INFO - There are 0 files in /opt/airflow/dags
[2025-03-30T10:54:51.992+0000] {manager.py:755} INFO - Searching for files in /opt/airflow/dags
[2025-03-30T10:54:51.993+0000] {manager.py:758} INFO - There are 0 files in /opt/airflow/dags
[2025-03-30T10:59:52.416+0000] {manager.py:755} INFO - Searching for files in /opt/airflow/dags
[2025-03-30T10:59:52.416+0000] {manager.py:758} INFO - There are 0 files in /opt/airflow/dags
[2025-03-30T11:04:52.617+0000] {manager.py:755} INFO - Searching for files in /opt/airflow/dags
[2025-03-30T11:04:52.617+0000] {manager.py:758} INFO - There are 0 files in /opt/airflow/dags
[2025-03-30T11:09:52.744+0000] {manager.py:755} INFO - Searching for files in /opt/airflow/dags
[2025-03-30T11:09:52.745+0000] {manager.py:758} INFO - There are 0 files in /opt/airflow/dags
[2025-03-30T11:14:52.917+0000] {manager.py:755} INFO - Searching for files in /opt/airflow/dags
[2025-03-30T11:14:52.918+0000] {manager.py:758} INFO - There are 0 files in /opt/airflow/dags
[2025-03-30T11:19:53.141+0000] {manager.py:755} INFO - Searching for files in /opt/airflow/dags
[2025-03-30T11:19:53.143+0000] {manager.py:758} INFO - There are 0 files in /opt/airflow/dags
[2025-03-30T11:24:54.141+0000] {manager.py:755} INFO - Searching for files in /opt/airflow/dags
[2025-03-30T11:24:54.142+0000] {manager.py:758} INFO - There are 0 files in /opt/airflow/dags
[2025-03-30T11:29:55.108+0000] {manager.py:755} INFO - Searching for files in /opt/airflow/dags
[2025-03-30T11:29:55.109+0000] {manager.py:758} INFO - There are 0 files in /opt/airflow/dags
[2025-03-30T11:34:55.912+0000] {manager.py:755} INFO - Searching for files in /opt/airflow/dags
[2025-03-30T11:34:55.912+0000] {manager.py:758} INFO - There are 0 files in /opt/airflow/dags
[2025-03-30T11:39:56.010+0000] {manager.py:755} INFO - Searching for files in /opt/airflow/dags
[2025-03-30T11:39:56.011+0000] {manager.py:758} INFO - There are 0 files in /opt/airflow/dags
[2025-03-30T11:44:56.804+0000] {manager.py:755} INFO - Searching for files in /opt/airflow/dags
[2025-03-30T11:44:56.807+0000] {manager.py:758} INFO - There are 0 files in /opt/airflow/dags
[2025-03-30T11:49:56.971+0000] {manager.py:755} INFO - Searching for files in /opt/airflow/dags
[2025-03-30T11:49:56.971+0000] {manager.py:758} INFO - There are 0 files in /opt/airflow/dags
[2025-03-30T11:54:57.861+0000] {manager.py:755} INFO - Searching for files in /opt/airflow/dags
[2025-03-30T11:54:57.864+0000] {manager.py:758} INFO - There are 0 files in /opt/airflow/dags
[2025-03-30T11:59:58.096+0000] {manager.py:755} INFO - Searching for files in /opt/airflow/dags
[2025-03-30T11:59:58.097+0000] {manager.py:758} INFO - There are 0 files in /opt/airflow/dags
[2025-03-30T12:04:58.875+0000] {manager.py:755} INFO - Searching for files in /opt/airflow/dags
[2025-03-30T12:04:58.878+0000] {manager.py:758} INFO - There are 0 files in /opt/airflow/dags
[2025-03-30T12:09:59.068+0000] {manager.py:755} INFO - Searching for files in /opt/airflow/dags
[2025-03-30T12:09:59.068+0000] {manager.py:758} INFO - There are 0 files in /opt/airflow/dags
[2025-03-30T12:14:59.935+0000] {manager.py:755} INFO - Searching for files in /opt/airflow/dags
[2025-03-30T12:14:59.936+0000] {manager.py:758} INFO - There are 0 files in /opt/airflow/dags
[2025-03-30T12:20:00.930+0000] {manager.py:755} INFO - Searching for files in /opt/airflow/dags
[2025-03-30T12:20:00.930+0000] {manager.py:758} INFO - There are 0 files in /opt/airflow/dags
[2025-03-30T12:25:01.920+0000] {manager.py:755} INFO - Searching for files in /opt/airflow/dags
[2025-03-30T12:25:01.921+0000] {manager.py:758} INFO - There are 0 files in /opt/airflow/dags
[2025-03-30T12:30:02.834+0000] {manager.py:755} INFO - Searching for files in /opt/airflow/dags
[2025-03-30T12:30:02.834+0000] {manager.py:758} INFO - There are 0 files in /opt/airflow/dags
[2025-03-30T12:35:03.366+0000] {manager.py:755} INFO - Searching for files in /opt/airflow/dags
[2025-03-30T12:35:03.367+0000] {manager.py:758} INFO - There are 0 files in /opt/airflow/dags
[2025-03-30T12:40:03.700+0000] {manager.py:755} INFO - Searching for files in /opt/airflow/dags
[2025-03-30T12:40:03.701+0000] {manager.py:758} INFO - There are 0 files in /opt/airflow/dags
[2025-03-30T12:45:03.912+0000] {manager.py:755} INFO - Searching for files in /opt/airflow/dags
[2025-03-30T12:45:03.913+0000] {manager.py:758} INFO - There are 0 files in /opt/airflow/dags
[2025-03-30T12:50:04.942+0000] {manager.py:755} INFO - Searching for files in /opt/airflow/dags
[2025-03-30T12:50:04.943+0000] {manager.py:758} INFO - There are 0 files in /opt/airflow/dags
[2025-03-30T12:55:05.829+0000] {manager.py:755} INFO - Searching for files in /opt/airflow/dags
[2025-03-30T12:55:05.830+0000] {manager.py:758} INFO - There are 0 files in /opt/airflow/dags
[2025-03-30T13:00:05.858+0000] {manager.py:755} INFO - Searching for files in /opt/airflow/dags
[2025-03-30T13:00:05.859+0000] {manager.py:758} INFO - There are 0 files in /opt/airflow/dags
[2025-03-30T13:05:06.740+0000] {manager.py:755} INFO - Searching for files in /opt/airflow/dags
[2025-03-30T13:05:06.741+0000] {manager.py:758} INFO - There are 0 files in /opt/airflow/dags
[2025-03-30T13:10:07.567+0000] {manager.py:755} INFO - Searching for files in /opt/airflow/dags
[2025-03-30T13:10:07.568+0000] {manager.py:758} INFO - There are 0 files in /opt/airflow/dags
[2025-03-30T13:15:08.125+0000] {manager.py:755} INFO - Searching for files in /opt/airflow/dags
[2025-03-30T13:15:08.126+0000] {manager.py:758} INFO - There are 0 files in /opt/airflow/dags
[2025-04-05T12:55:25.141+0000] {manager.py:487} INFO - Processing files using up to 2 processes at a time 
[2025-04-05T12:55:25.142+0000] {manager.py:488} INFO - Process each file at most once every 30 seconds
[2025-04-05T12:55:25.143+0000] {manager.py:489} INFO - Checking for new files in /opt/airflow/dags every 300 seconds
[2025-04-05T12:55:25.143+0000] {manager.py:755} INFO - Searching for files in /opt/airflow/dags
[2025-04-05T12:55:25.144+0000] {manager.py:758} INFO - There are 0 files in /opt/airflow/dags
